1561087736719	geckodriver	INFO	geckodriver 0.20.1
1561087736726	geckodriver	INFO	Listening on 127.0.0.1:32840
1561087739756	mozrunner::runner	INFO	Running command: "D:\\installed\\firefox\\firefox.exe" "-marionette" "-profile" "C:\\Users\\hasee\\AppData\\Local\\Temp\\rust_mozprofile.zKZXkiyfNTmq"
Unable to read VR Path Registry from C:\Users\hasee\AppData\Local\openvr\openvrpaths.vrpath
Unable to read VR Path Registry from C:\Users\hasee\AppData\Local\openvr\openvrpaths.vrpath
Unable to read VR Path Registry from C:\Users\hasee\AppData\Local\openvr\openvrpaths.vrpath
Unable to read VR Path Registry from C:\Users\hasee\AppData\Local\openvr\openvrpaths.vrpath
Unable to read VR Path Registry from C:\Users\hasee\AppData\Local\openvr\openvrpaths.vrpath
1561087741924	Marionette	INFO	Listening on port 32855
1561087742871	Marionette	WARN	TLS certificate errors will be ignored for this session
[Parent 11924, Gecko_IOThread] WARNING: pipe error: 109: file z:/build/build/src/ipc/chromium/src/chrome/common/ipc_channel_win.cc, line 346
[Child 10996, Chrome_ChildThread] WARNING: pipe error: 109: file z:/build/build/src/ipc/chromium/src/chrome/common/ipc_channel_win.cc, line 346
[Child 6116, Chrome_ChildThread] WARNING: pipe error: 109: file z:/build/build/src/ipc/chromium/src/chrome/common/ipc_channel_win.cc, line 346
[Child 6116, Chrome_ChildThread] WARNING: pipe error: 109: file z:/build/build/src/ipc/chromium/src/chrome/common/ipc_channel_win.cc, line 346
[Parent 11924, Gecko_IOThread] WARNING: pipe error: 109: file z:/build/build/src/ipc/chromium/src/chrome/common/ipc_channel_win.cc, line 346
[Child 13404, Chrome_ChildThread] WARNING: pipe error: 109: file z:/build/build/src/ipc/chromium/src/chrome/common/ipc_channel_win.cc, line 346
[Child 13404, Chrome_ChildThread] WARNING: pipe error: 109: file z:/build/buil*** UTM:SVC TimerManager:registerTimer called after profile-before-change notification. Ignoring timer registration for id: telemetry_modules_ping

###!!! [Child][MessageChannel::SendAndWait] Error: Channel error: cannot send/recv

1561103169010	geckodriver	INFO	geckodriver 0.20.1
1561103169018	geckodriver	INFO	Listening on 127.0.0.1:3675
1561103172110	mozrunner::runner	INFO	Running command: "D:\\installed\\firefox\\firefox.exe" "-marionette" "-profile" "C:\\Users\\hasee\\AppData\\Local\\Temp\\rust_mozprofile.AZ6yuSEuhFLP"
Unable to read VR Path Registry from C:\Users\hasee\AppData\Local\openvr\openvrpaths.vrpath
Unable to read VR Path Registry from C:\Users\hasee\AppData\Local\openvr\openvrpaths.vrpath
Unable to read VR Path Registry from C:\Users\hasee\AppData\Local\openvr\openvrpaths.vrpath
Unable to read VR Path Registry from C:\Users\hasee\AppData\Local\openvr\openvrpaths.vrpath
Unable to read VR Path Registry from C:\Users\hasee\AppData\Local\openvr\openvrpaths.vrpath
1561103175064	Marionette	INFO	Listening on port 3683
1561103175224	Marionette	WARN	TLS certificate errors will be ignored for this session
[Parent 5312, Gecko_IOThread] WARNING: pipe error: 109: file z:/build/build/src/ipc/chromium/src/chrome/common/ipc_channel_win.cc, line 346
[Child 13460, Chrome_ChildThread] WARNING: pipe error: 109: file z:/build/build/src/ipc/chromium/src/chrome/common/ipc_channel_win.cc, line 346
[Child 13460, Chrome_ChildThread] WARNING: pipe error: 109: file z:/build/build/src/ipc/chromium/src/chrome/common/ipc_channel_win.cc, line 346
[Child 9912, Chrome_ChildThread] WARNING: pipe error: 109: file z:/build/build/src/ipc/chromium/src/chrome/common/ipc_channel_win.cc, line 346
[Child 9912, Chrome_ChildThread] WARNING: pipe error: 109: file z:/build/build/src/ipc/chromium/src/chrome/common/ipc_channel_win.cc, line 346
[Parent 5312, Gecko_IOThread] WARNING: pipe error: 109: file z:/build/build/src/ipc/chromium/src/chrome/common/ipc_channel_win.cc, line 346
*** UTM:SVC TimerManager:registerTimer called after profile-before-change notification. Ignoring timer registration for id: telemetry_modules_ping

###!!! [Child][MessageChannel::SendAndWait] Error: Channel error: cannot send/recv

or: 109: file z:/build/build/src/ipc/chromium/src/chrome/common/ipc_channel_win.cc, line 346
[Child 15796, [Parent 15408, Gecko_IOThread] WARNING: pipe error: 109: file z:/build/build/src/ipc/chromium/src/chrome/common/ipc_channel_win.cc, line 346
[Child 15716, Chrome_ChildThread] WARNING: pipe error: 109: file z:/build/build/src/ipc/chromium/src/chrome/common/ipc_channel_win.cc, line 346
[Child 1571*** UTM:SVC TimerManager:registerTimer called after profile-before-change notification. Ignoring timer registration for id: telemetry_modules_ping

###!!! [Child][MessageChannel::SendAndWait] Error: Channel error: cannot send/recv

1561103230853	geckodriver	INFO	geckodriver 0.20.1
1561103230869	geckodriver	INFO	Listening on 127.0.0.1:3792
1561103233904	mozrunner::runner	INFO	Running command: "D:\\installed\\firefox\\firefox.exe" "-marionette" "-profile" "C:\\Users\\hasee\\AppData\\Local\\Temp\\rust_mozprofile.UHc43Cx42XvD"
Unable to read VR Path Registry from C:\Users\hasee\AppData\Local\openvr\openvrpaths.vrpath
Unable to read VR Path Registry from C:\Users\hasee\AppData\Local\openvr\openvrpaths.vrpath
Unable to read VR Path Registry from C:\Users\hasee\AppData\Local\openvr\openvrpaths.vrpath
Unable to read VR Path Registry from C:\Users\hasee\AppData\Local\openvr\openvrpaths.vrpath
Unable to read VR Path Registry from C:\Users\hasee\AppData\Local\openvr\openvrpaths.vrpath
1561103235898	Marionette	INFO	Listening on port 3800
1561103235986	Marionette	WARN	TLS certificate errors will be ignored for this session
[Child 556, Chrome_ChildThread] WARNING: pipe error: 109: file z:/build/build/src/ipc/chromium/src/chrome/common/ipc_channel_win.cc, line 346
[Child 556, Chrome_ChildThrea[Child 12928, Chrome_ChildThread] WARNING: pipe error: 109: file z:/build/build/src/ipc/chromium/src/chrome/common/ipc_channel_win.cc, line 346

###!!! [Child][RunMessage] Error: Channel closing: too late to send/recv, messages will be lost

[Child 12928, Chrome_ChildThrea[Parent 15940, Gecko_IOThread] WARNING: pipe error: 109: file z:/build/build/src/ipc/chromium/src/chrome/common/ipc_channel_win.cc, line 346
*** UTM:SVC TimerManager:registerTimer called after profile-before-change notification. Ignoring timer registration for id: telemetry_modules_ping

###!!! [Child][MessageChannel::SendAndWait] Error: Channel error: cannot send/recv

1561103244220	geckodriver	INFO	geckodriver 0.20.1
1561103244227	geckodriver	INFO	Listening on 127.0.0.1:3855
1561103247257	mozrunner::runner	INFO	Running command: "D:\\installed\\firefox\\firefox.exe" "-marionette" "-profile" "C:\\Users\\hasee\\AppData\\Local\\Temp\\rust_mozprofile.lzlZcVx7HupJ"
Unable to read VR Path Registry from C:\Users\hasee\AppData\Local\openvr\openvrpaths.vrpath
Unable to read VR Path Registry from C:\Users\hasee\AppData\Local\openvr\openvrpaths.vrpath
Unable to read VR Path Registry from C:\Users\hasee\AppData\Local\openvr\openvrpaths.vrpath
Unable to read VR Path Registry from C:\Users\hasee\AppData\Local\openvr\openvrpaths.vrpath
Unable to read VR Path Registry from C:\Users\hasee\AppData\Local\openvr\openvrpaths.vrpath
1561103248925	Marionette	INFO	Listening on port 3863
1561103249270	Marionette	WARN	TLS certificate errors will be ignored for this session
[Parent 1364, Gecko_IOThread] WARNING: pipe error: 109: file z:/build/build/src/ipc/chromium/src/chrome/common/ipc_channel_win.cc, line 346
[Child 15864, Chrome_ChildThread] WARNING: pipe error: 109: file z:/build/build/src/ipc/chromium/src/chrome/common/ipc_channel_win.cc, line 346
[Child 8160, Chrome_ChildThread] WARNING: pipe error: 109: file z:/build/build/src/ipc/chromium/src/chrome/common/ipc_channel_win.cc, line 346
[Child 8160, Chrome_ChildThread] WARNING: pipe error: 109: fi[Parent 1364, Gecko_IOThread] WARNING: pipe error: 109: file z:/build/build/src/ipc/chromium/src/chrome/common/ipc_channel_win.cc, line 346
[Child 9772, Chrome_ChildThread] WARNING: pipe error: 109: file z:/build/build/src/ipc/chromium/src/chrome/common/ipc_channel_win.cc, line 346
[Child 9772, Chrome_Ch*** UTM:SVC TimerManager:registerTimer called after profile-before-change notification. Ignoring timer registration for id: telemetry_modules_ping

###!!! [Child][MessageChannel::SendAndWait] Error: Channel error: cannot send/recv

1561103333348	geckodriver	INFO	geckodriver 0.20.1
1561103333356	geckodriver	INFO	Listening on 127.0.0.1:3912
1561103336398	mozrunner::runner	INFO	Running command: "D:\\installed\\firefox\\firefox.exe" "-marionette" "-profile" "C:\\Users\\hasee\\AppData\\Local\\Temp\\rust_mozprofile.sFYlDxjHx5uA"
Unable to read VR Path Registry from C:\Users\hasee\AppData\Local\openvr\openvrpaths.vrpath
Unable to read VR Path Registry from C:\Users\hasee\AppData\Local\openvr\openvrpaths.vrpath
Unable to read VR Path Registry from C:\Users\hasee\AppData\Local\openvr\openvrpaths.vrpath
Unable to read VR Path Registry from C:\Users\hasee\AppData\Local\openvr\openvrpaths.vrpath
Unable to read VR Path Registry from C:\Users\hasee\AppData\Local\openvr\openvrpaths.vrpath
1561103338049	Marionette	INFO	Listening on port 3920
1561103338420	Marionette	WARN	TLS certificate errors will be ignored for this session
[Parent 6452, Gecko_IOThread] WARNING: pipe error: 109: file z:/build/build/src/ipc/chromium/src/chrome/common/ipc_channel_win.cc, line 346
[[Parent 6452, Gecko_IOThread] WARNING: pipe error: 109: file z:/build/build/src/ipc/chromium/src/chrome/common/ipc_channel_win.cc, line 346
[Child 15984, Chrome_ChildThread] WARNING: pipe error: 109: file z:/build/build/src/ipc/chromium/src/chrome/common/ipc_channel_win.cc, line 346
[Child 15984, Chrome_ChildThread] W*** UTM:SVC TimerManager:registerTimer called after profile-before-change notification. Ignoring timer registration for id: telemetry_modules_ping
[GPU 15572, Chrome_ChildThread] WARNING: pipe error: 109: file z:/build/build/src/ipc/chromium/src/chrome/common/ipc_channel_win.cc, line 346

###!!! [Child][MessageChannel::SendAndWait] Error: Channel error: cannot send/recv

1561103347017	geckodriver	INFO	geckodriver 0.20.1
1561103347024	geckodriver	INFO	Listening on 127.0.0.1:3973
1561103350054	mozrunner::runner	INFO	Running command: "D:\\installed\\firefox\\firefox.exe" "-marionette" "-profile" "C:\\Users\\hasee\\AppData\\Local\\Temp\\rust_mozprofile.wv343WVNpo7F"
Unable to read VR Path Registry from C:\Users\hasee\AppData\Local\openvr\openvrpaths.vrpath
Unable to read VR Path Registry from C:\Users\hasee\AppData\Local\openvr\openvrpaths.vrpath
Unable to read VR Path Registry from C:\Users\hasee\AppData\Local\openvr\openvrpaths.vrpath
Unable to read VR Path Registry from C:\Users\hasee\AppData\Local\openvr\openvrpaths.vrpath
Unable to read VR Path Registry from C:\Users\hasee\AppData\Local\openvr\openvrpaths.vrpath
1561103351639	Marionette	INFO	Listening on port 3981
1561103352067	Marionette	WARN	TLS certificate errors will be ignored for this session
[Parent 1620, Gecko_IOThread] WARNING: pipe error: 109: file z:/build/build/src/ipc/chromium/src/chrome/common/ipc_channel_win.cc, line 346
[Parent 1620, Gecko_IOThread] WARNING: pipe error: 109: file z:/build/build/src/ipc/chromium/src/chrome/common/ipc_channel_win.cc, line 346
[Parent 1620, Gecko_IOThread] WARNING: pipe error: 109: file z:/build/build/src/ipc/chromium/src/chrome/common/ipc_channel_win.cc, line 346
[Child 15716, Chrome_ChildThread] WARNING: pipe error: 109: file z:/build/build/src/ipc/chromium/src/chrome/common/ipc_channel_win.cc, line 346
[Child 15716, Chrome_
###!!! [Child][MessageChannel::SendAndWait] Error: Channel error: cannot send/recv

o read VR Path Registry from C:\Users\hasee\AppData\Local\openvr\openvrpaths.vrpath
1561103911683	Marionette	INFO	Listening on port 4085
1561103912105	Marionette	WARN	TLS certificate errors will be ignored for this session
[Parent 9136, Gecko_IOThread] WARNING: pipe error: 109: file z:/build/build/src/ipc/chromium/src/chrome/common/ipc_channel_win.cc, line 346
[Child 15728, Chrome_ChildThread] WARNING: pipe error: 109: file z:/build/build/src/ipc/chromium/src/chrome/common/ipc_channel_win.cc, line 346
[Child 15728[Child 16152, Chrome_ChildThread] WARNING: pipe error: 109: file z:/build/build/src/ipc/chromium/src/chrome/common/ipc_channel_win.cc, line 346
[Child 16152, [Parent 9136, Gecko_IOThread] WARNING: pipe error: 109: file z:/build/build/src/ipc/chromium/src/chrome/common/ipc_channel_win.cc, line 346
[Child 11804, Chrome_ChildThread] WARNING: pipe error: 109: file z:/build/build/src/ipc/chromium/src/chrome/common/ipc_channel_win.cc, line 346
[Child 11804, Chrome_ChildTh*** UTM:SVC TimerManager:registerTimer called after profile-before-change notification. Ignoring timer registration for id: telemetry_modules_ping

###!!! [Child][MessageChannel::SendAndWait] Error: Channel error: cannot send/recv

1561103920685	geckodriver	INFO	geckodriver 0.20.1
1561103920692	geckodriver	INFO	Listening on 127.0.0.1:4139
1561103923733	mozrunner::runner	INFO	Running command: "D:\\installed\\firefox\\firefox.exe" "-marionette" "-profile" "C:\\Users\\hasee\\AppData\\Local\\Temp\\rust_mozprofile.IOCVmukiQWSI"
Unable to read VR Path Registry from C:\Users\hasee\AppData\Local\openvr\openvrpaths.vrpath
Unable to read VR Path Registry from C:\Users\hasee\AppData\Local\openvr\openvrpaths.vrpath
Unable to read VR Path Registry from C:\Users\hasee\AppData\Local\openvr\openvrpaths.vrpath
Unable to read VR Path Registry from C:\Users\hasee\AppData\Local\openvr\openvrpaths.vrpath
Unable to read VR Path Registry from C:\Users\hasee\AppData\Local\openvr\openvrpaths.vrpath
1561103925367	Marionette	INFO	Listening on port 4147
1561103925756	Marionette	WARN	TLS certificate errors will be ignored for this session
[Parent 11892, Gecko_IOThread] WARNING: pipe error: 109: file z:/build/build/src/ipc/chromium/src/chrome/common/ipc_channel_win.cc, line 346
[Child 4668, Chrome_ChildThread] WARNING: pipe error: 109: file z:/build/build/src/ipc/chromium/src/chrome/common/ipc_channel_win.cc, line 346
[Child 4668, Chrome_[Child 9324, Chrome_ChildThread] WARNING: pipe error: 109: file z:/build/build/src/ipc/chromium/src/chrome/common/ipc_channel_win.cc, line 346
[Child 9324, Chrome[Parent 11892, Gecko_IOThread] WARNING: pipe error: 109: file z:/build/build/src/ipc/chromium/src/chrome/common/ipc_channel_win.cc, line 346
[Child 15644, Chrome_ChildThread] WARNING: pipe error: 109: file z:/build/build/src/ipc/chromium/src/chrome/common/ipc_channel_win.cc, line 346
[Child 156
###!!! [Child][MessageChannel::SendAndWait] Error: Channel error: cannot send/recv

ificate errors will be ignored for this session
[Parent 14444, Gecko_IOThread] WARNING: pipe error: 109: file z:/build/build/src/ipc/chromium/src/chrome/common/ipc_channel_win.cc, line 346
[Child 8920, Chrome_ChildThread] WARNING: pipe error: 109: file z:/build/build/src/ipc/chromium/src/chrome/common/ipc_channel_win.cc, line 346
[Child 8920, Chrome_ChildThread][Parent 14444, Gecko_IOThread] WARNING: pipe error: 109: file z:/build/build/src/ipc/chromium/src/chrome/common/ipc_channel_win.cc, line 346
[Child 14824, Chrome_ChildThread] WARNING: pipe error: 109: file z:/build/build/src/ipc/chromium/src/chrome/common/ipc_channel_win.cc, line 346
[Child 14824, Chrome_Chi*** UTM:SVC TimerManager:registerTimer called after profile-before-change notification. Ignoring timer registration for id: telemetry_modules_ping

###!!! [Child][MessageChannel::SendAndWait] Error: Channel error: cannot send/recv

1561104185643	geckodriver	INFO	geckodriver 0.20.1
1561104185649	geckodriver	INFO	Listening on 127.0.0.1:4346
1561104188659	mozrunner::runner	INFO	Running command: "D:\\installed\\firefox\\firefox.exe" "-marionette" "-profile" "C:\\Users\\hasee\\AppData\\Local\\Temp\\rust_mozprofile.psPeYojq9rTS"
Unable to read VR Path Registry from C:\Users\hasee\AppData\Local\openvr\openvrpaths.vrpath
Unable to read VR Path Registry from C:\Users\hasee\AppData\Local\openvr\openvrpaths.vrpath
Unable to read VR Path Registry from C:\Users\hasee\AppData\Local\openvr\openvrpaths.vrpath
Unable to read VR Path Registry from C:\Users\hasee\AppData\Local\openvr\openvrpaths.vrpath
Unable to read VR Path Registry from C:\Users\hasee\AppData\Local\openvr\openvrpaths.vrpath
1561104190320	Marionette	INFO	Listening on port 4354
1561104190674	Marionette	WARN	TLS certificate errors will be ignored for this session
[Parent 13464, Gecko_IOThread] WARNING: pipe error: 109: file z:/build/build/src/ipc/chromium/src/chrome/common/ipc_channel_win.cc, line 346
[[Child 11584, Chrome_ChildThread] WARNING: pipe error: 109: file z:/build/build/src/ipc/chromium/src/chrome/common/ipc_channel_win.cc, line 346
[Child 11584, Chrome_Child[Parent 13464, Gecko_IOThread] WARNING: pipe error: 109: file z:/build/build/src/ipc/chromium/src/chrome/common/ipc_channel_win.cc, line 346

###!!! [Child][MessageChannel::SendAndWait] Error: Channel error: cannot send/recv

ocal\openvr\openvrpaths.vrpath
Unable to read VR Path Registry from C:\Users\hasee\AppData\Local\openvr\openvrpaths.vrpath
Unable to read VR Path Registry from C:\Users\hasee\AppData\Local\openvr\openvrpaths.vrpath
1561104584877	Marionette	INFO	Listening on port 4546
1561104585233	Marionette	WARN	TLS certificate errors will be ignored for this session
[Parent 11968, Gecko_IOThread] WARNING: pipe error: 109: file z:/build/build/src/ipc/chromium/src/chrome/common/ipc_channel_win.cc, line 346
[Child 15604, Chrome_ChildThread] WARNING: pipe error: 109: file z:/build/build/src/ipc/chromium/src/chrome/common/ipc_channel_win.cc, line 346
[Child 15604, Chrome_[Child 12084, Chrome_ChildThread] WARNING: pipe error: 109: file z:/build/build/src/ipc/chromium/src/chrome/common/ipc_channel_win.cc, line 346
[Child 12084, [Parent 11968, Gecko_IOThread] WARNING: pipe error: 109: file z:/build/build/src/ipc/chromium/src/chrome/common/ipc_channel_win.cc, line 346
*** UTM:SVC TimerManager:registerTimer called after profile-before-change notification. Ignoring timer registration for id: telemetry_modules_ping

###!!! [Child][MessageChannel::SendAndWait] Error: Channel error: cannot send/recv

1561104594583	geckodriver	INFO	geckodriver 0.20.1
1561104594592	geckodriver	INFO	Listening on 127.0.0.1:4601
1561104597623	mozrunner::runner	INFO	Running command: "D:\\installed\\firefox\\firefox.exe" "-marionette" "-profile" "C:\\Users\\hasee\\AppData\\Local\\Temp\\rust_mozprofile.hluLDYbl3M06"
Unable to read VR Path Registry from C:\Users\hasee\AppData\Local\openvr\openvrpaths.vrpath
Unable to read VR Path Registry from C:\Users\hasee\AppData\Local\openvr\openvrpaths.vrpath
Unable to read VR Path Registry from C:\Users\hasee\AppData\Local\openvr\openvrpaths.vrpath
Unable to read VR Path Registry from C:\Users\hasee\AppData\Local\openvr\openvrpaths.vrpath
Unable to read VR Path Registry from C:\Users\hasee\AppData\Local\openvr\openvrpaths.vrpath
1561104599232	Marionette	INFO	Listening on port 4609
1561104599637	Marionette	WARN	TLS certificate errors will be ignored for this session
[Parent 3092, Gecko_IOThread] WARNING: pipe error: 109: file z:/build/build/src/ipc/chromium/src/chrome/common/ipc_channel_win.cc, line 346
[Parent 3092, Gecko_IOThread] WARNING: pipe error: 109: file z:/build/build/src/ipc/chromium/src/chrome/common/ipc_channel_win.cc, line 346
[Child 3464, Chrome_ChildThread] WARNING: pipe error: 109: file z:/build/build/src/ipc/chromium/src/chrome/common/ipc_channel_win.cc, line 346
[Child 3464, Chrome_ChildThread] WARNING: pipe[Parent 3092, Gecko_IOThread] WARNING: pipe error: 109: file z:/build/build/src/ipc/chromium/src/chrome/common/ipc_channel_win.cc, line 346
[Child 5268, Chrome_ChildThread] WARNING: pipe error: 109: file z:/build/build/src/ipc/chromium/src/chrome/common/ipc_channel_win.cc, line 346
[Child 5268, Chrome_ChildThread] WA
###!!! [Child][MessageChannel::SendAndWait] Error: Channel error: cannot send/recv

ored for this session
[Child 11840, Chrome_ChildThread] WARNING: pipe error: 109: file z:/build/build/src/ipc/chromium/src/chrome/common/ipc_channel_win.cc, line 346
[Child 11840, Chrome_ChildThr[Parent 1492, Gecko_IOThread] WARNING: pipe error: 109: file z:/build/build/src/ipc/chromium/src/chrome/common/ipc_channel_win.cc, line 346
[Child 12928, Chrome_ChildThread] WARNING: pipe error: 109: file z:/build/build/src/ipc/chromium/src/chrome/common/ipc_channel_win.cc, line 346
[Child 12928[Parent 1492, Gecko_IOThread] WARNING: pipe error: 109: file z:/build/build/src/ipc/chromium/src/chrome/common/ipc_channel_win.cc, line 346
*** UTM:SVC TimerManager:registerTimer called after profile-before-change notification. Ignoring timer registration for id: telemetry_modules_ping

###!!! [Child][MessageChannel::SendAndWait] Error: Channel error: cannot send/recv

1561104758840	geckodriver	INFO	geckodriver 0.20.1
1561104758851	geckodriver	INFO	Listening on 127.0.0.1:4894
1561104761885	mozrunner::runner	INFO	Running command: "D:\\installed\\firefox\\firefox.exe" "-marionette" "-profile" "C:\\Users\\hasee\\AppData\\Local\\Temp\\rust_mozprofile.xoo2aXiZi3ma"
Unable to read VR Path Registry from C:\Users\hasee\AppData\Local\openvr\openvrpaths.vrpath
Unable to read VR Path Registry from C:\Users\hasee\AppData\Local\openvr\openvrpaths.vrpath
Unable to read VR Path Registry from C:\Users\hasee\AppData\Local\openvr\openvrpaths.vrpath
Unable to read VR Path Registry from C:\Users\hasee\AppData\Local\openvr\openvrpaths.vrpath
Unable to read VR Path Registry from C:\Users\hasee\AppData\Local\openvr\openvrpaths.vrpath
1561104763567	Marionette	INFO	Listening on port 4902
1561104763909	Marionette	WARN	TLS certificate errors will be ignored for this session
[Parent 16160, Gecko_IOThread] WARNING: pipe error: 109: file z:/build/build/src/ipc/chromium/src/chrome/common/ipc_channel_win.cc, line 346
[Child 8992, Chrome_ChildThread] WARNING: pipe error: 109: file z:/build/build/src/ipc/chromium/src/chrome/common/ipc_channel_win.cc, line 346
[Child 8992, Chrome_ChildThread] WARNING: pipe error: 109: file z:/build/build/src/ipc/chromium/src/chrome/common/ipc_channel_win.cc, line 346
[Parent 16160, Gecko_IOThread] WARNING: pipe error: 109: file z:/build/build/src/ipc/chromium/src/chrome/common/ipc_channel_win.cc, line 346
[Child 13436, Chrome_ChildThread] WARNING: pipe error: 109: file z:/build/build/src/ipc/chromium/src/chrome/common/ipc_channel_win.cc, line 346
[Child 13436, Chrome_ChildThread] WARNING: pipe error: 109: file z:/build/build/src/ipc/chromium/src/chrome/common/ipc_channel_win.cc, line 346
[Parent 16160, Gecko_IOThread] WARNING: pipe error: 109: file z:/build/build/src/ipc/chromium/src/chrome/common/ipc_channel_win.cc, line 346
[Child 12276, Chrome_ChildThread] WARNING: pipe error: 109: file z:/build/build/src/ipc/chromium/src/chrome/common/ipc_channel_win.cc, line 346
[Child 12276, Chrome_ChildTh
###!!! [Child][MessageChannel::SendAndWait] Error: Channel error: cannot send/recv

1561455313895	geckodriver	INFO	geckodriver 0.20.1
1561455313936	geckodriver	INFO	Listening on 127.0.0.1:4083
1561455317013	mozrunner::runner	INFO	Running command: "D:\\installed\\firefox\\firefox.exe" "-marionette" "-profile" "C:\\Users\\hasee\\AppData\\Local\\Temp\\rust_mozprofile.o3EZOGI1wpSI"
Unable to read VR Path Registry from C:\Users\hasee\AppData\Local\openvr\openvrpaths.vrpath
Unable to read VR Path Registry from C:\Users\hasee\AppData\Local\openvr\openvrpaths.vrpath
Unable to read VR Path Registry from C:\Users\hasee\AppData\Local\openvr\openvrpaths.vrpath
Unable to read VR Path Registry from C:\Users\hasee\AppData\Local\openvr\openvrpaths.vrpath
Unable to read VR Path Registry from C:\Users\hasee\AppData\Local\openvr\openvrpaths.vrpath
1561455320570	Marionette	INFO	Listening on port 4091
1561455320661	Marionette	WARN	TLS certificate errors will be ignored for this session
[Parent 18352, Gecko_IOThread] WARNING: pipe error: 109: file z:/build/build/src/ipc/chromium/src/chrome/common/ipc_channel_win.cc, line 346
[Parent 18352, Gecko_IOThread] WARNING: pipe error: 109: file z:/build/build/src/ipc/chromium/src/chrome/common/ipc_channel_win.cc, line 346
[Child 9708, Chrome_ChildThread] WARNING: pipe error: 109: file z:/build/build/src/ipc/chromium/src/chrome/common/ipc_channel_win.cc, line 346
[Child 9708, Chrome_Chil[Child 16616, Chrome_ChildThread] WARNING: pipe error: 109: file z:/build/build/src/ipc/chromium/src/chrome/common/ipc_channel_win.cc, line 346
[Child 16616, Chrome_ChildThread] WARNING: pipe error: 109: file z:/build/build/src/ipc/chromium/src/chrome/common/ipc_channel_win.cc, line 346
[Parent 18352, Gecko_IOThread] WARNING: pipe error: 109: file z:/build/build/src/ipc/chromium/src/chrome/common/ipc_channel_win.cc, line 346
*** UTM:SVC TimerManager:registerTimer called after profile-before-change notification. Ignoring timer registration for id: telemetry_modules_ping

###!!! [Child][MessageChannel::SendAndWait] Error: Channel error: cannot send/recv

